<?xml version="1.0" encoding="UTF-8"?>
<!-- Generated by org.testng.reporters.JUnitXMLReporter -->
<testsuite hostname="LAPTOP-C4QLKEEG" ignored="2" name="Command line test" tests="4" failures="0" timestamp="30 Dec 2021 11:52:00 GMT" time="109.13" errors="0">
  <testcase name="createContact" time="23.054" classname="com.crm.Practice.createContactTest.CreateContactTest"/>
  <testcase name="demoTest" time="0.0" classname="com.crm.Practice.createContactTest.CreateContactTest"/>
  <testcase name="createOrganizationTest" time="23.716" classname="com.crm.Practice.orgTest.CreateOrganizationTest"/>
  <testcase name="demoTest2" time="0.0" classname="com.crm.Practice.orgTest.CreateOrganizationTest"/>
  <testcase name="@BeforeSuite dbConnection" time="0.0" classname="com.crm.autodesk.genericutility.BaseClass">
    <ignored/>
  </testcase> <!-- @BeforeSuite dbConnection -->
  <testcase name="@AfterSuite closeConnection" time="0.0" classname="com.crm.autodesk.genericutility.BaseClass">
    <ignored/>
  </testcase> <!-- @AfterSuite closeConnection -->
</testsuite> <!-- Command line test -->
