<?xml version="1.0" encoding="UTF-8"?>
<!-- Generated by org.testng.reporters.JUnitXMLReporter -->
<testsuite hostname="LAPTOP-C4QLKEEG" ignored="4" name="Test" tests="2" failures="0" timestamp="30 Dec 2021 11:57:48 GMT" time="42.324" errors="0">
  <testcase name="demoTest" time="0.0" classname="com.crm.Practice.createContactTest.CreateContactTest"/>
  <testcase name="demoTest2" time="0.0" classname="com.crm.Practice.orgTest.CreateOrganizationTest"/>
  <testcase name="@BeforeSuite dbConnection" time="0.0" classname="com.crm.autodesk.genericutility.BaseClass">
    <ignored/>
  </testcase> <!-- @BeforeSuite dbConnection -->
  <testcase name="@AfterSuite closeConnection" time="0.0" classname="com.crm.autodesk.genericutility.BaseClass">
    <ignored/>
  </testcase> <!-- @AfterSuite closeConnection -->
  <testcase name="createOrganizationTest" time="0.0" classname="com.crm.Practice.orgTest.CreateOrganizationTest">
    <ignored/>
  </testcase> <!-- createOrganizationTest -->
  <testcase name="createContact" time="0.0" classname="com.crm.Practice.createContactTest.CreateContactTest">
    <ignored/>
  </testcase> <!-- createContact -->
</testsuite> <!-- Test -->
